# JRE version: Java(TM) SE Runtime Environment (18.0.1.1+2) (build 18.0.1.1+2-6)
# Java VM: Java HotSpot(TM) 64-Bit Server VM (18.0.1.1+2-6, mixed mode, sharing, tiered, compressed oops, compressed class ptrs, g1 gc, windows-amd64)
GC Precious Log:
 CardTable entry size: 512
 Card Set container configuration: InlinePtr #cards 5 size 8 Array Of Cards #cards 12 size 40 Howl #buckets 4 coarsen threshold 1843 Howl Bitmap #cards 512 size 80 coarsen threshold 460 Card regions per heap region 1 cards per card region 2048
 CPUs: 6 total, 6 available
 Memory: 8015M
 Large Page Support: Disabled
 NUMA Support: Disabled
 Compressed Oops: Enabled (32-bit)
 Heap Region Size: 1M
 Heap Min Capacity: 8M
 Heap Initial Capacity: 126M
 Heap Max Capacity: 2004M
 Pre-touch: Disabled
 Parallel Workers: 6
 Concurrent Workers: 2
 Concurrent Refinement Workers: 6
 Periodic GC: Disabled
Heap:
 garbage-first heap   total 587776K, used 12280K [0x0000000082c00000, 0x0000000100000000)
  region size 1024K, 3 young (3072K), 3 survivors (3072K)
 Metaspace       used 16139K, committed 16384K, reserved 1114112K
  class space    used 1834K, committed 1920K, reserved 1048576K
GC Heap History (20 events):
Event: 2.566 GC heap after
{Heap after GC invocations=6 (full 0):
 garbage-first heap   total 129024K, used 9925K [0x0000000082c00000, 0x0000000100000000)
  region size 1024K, 4 young (4096K), 4 survivors (4096K)
 Metaspace       used 16139K, committed 16384K, reserved 1114112K
  class space    used 1834K, committed 1920K, reserved 1048576K
}
Event: 2.576 GC heap before
{Heap before GC invocations=6 (full 0):
 garbage-first heap   total 129024K, used 93893K [0x0000000082c00000, 0x0000000100000000)
  region size 1024K, 38 young (38912K), 4 survivors (4096K)
 Metaspace       used 16139K, committed 16384K, reserved 1114112K
  class space    used 1834K, committed 1920K, reserved 1048576K
}
Event: 2.578 GC heap after
{Heap after GC invocations=7 (full 0):
 garbage-first heap   total 129024K, used 9853K [0x0000000082c00000, 0x0000000100000000)
  region size 1024K, 4 young (4096K), 4 survivors (4096K)
 Metaspace       used 16139K, committed 16384K, reserved 1114112K
  class space    used 1834K, committed 1920K, reserved 1048576K
}
Event: 2.589 GC heap before
{Heap before GC invocations=7 (full 0):
 garbage-first heap   total 129024K, used 105085K [0x0000000082c00000, 0x0000000100000000)
  region size 1024K, 50 young (51200K), 4 survivors (4096K)
 Metaspace       used 16139K, committed 16384K, reserved 1114112K
  class space    used 1834K, committed 1920K, reserved 1048576K
}
Event: 2.593 GC heap after
{Heap after GC invocations=8 (full 0):
 garbage-first heap   total 293888K, used 10157K [0x0000000082c00000, 0x0000000100000000)
  region size 1024K, 4 young (4096K), 4 survivors (4096K)
 Metaspace       used 16139K, committed 16384K, reserved 1114112K
  class space    used 1834K, committed 1920K, reserved 1048576K
}
Event: 2.661 GC heap before
{Heap before GC invocations=8 (full 0):
 garbage-first heap   total 293888K, used 257965K [0x0000000082c00000, 0x0000000100000000)
  region size 1024K, 126 young (129024K), 4 survivors (4096K)
 Metaspace       used 16139K, committed 16384K, reserved 1114112K
  class space    used 1834K, committed 1920K, reserved 1048576K
}
Event: 2.664 GC heap after
{Heap after GC invocations=9 (full 0):
 garbage-first heap   total 293888K, used 9994K [0x0000000082c00000, 0x0000000100000000)
  region size 1024K, 4 young (4096K), 4 survivors (4096K)
 Metaspace       used 16139K, committed 16384K, reserved 1114112K
  class space    used 1834K, committed 1920K, reserved 1048576K
}
Event: 2.696 GC heap before
{Heap before GC invocations=9 (full 0):
 garbage-first heap   total 293888K, used 198410K [0x0000000082c00000, 0x0000000100000000)
  region size 1024K, 68 young (69632K), 4 survivors (4096K)
 Metaspace       used 16139K, committed 16384K, reserved 1114112K
  class space    used 1834K, committed 1920K, reserved 1048576K
}
Event: 2.698 GC heap after
{Heap after GC invocations=10 (full 0):
 garbage-first heap   total 293888K, used 10139K [0x0000000082c00000, 0x0000000100000000)
  region size 1024K, 3 young (3072K), 3 survivors (3072K)
 Metaspace       used 16139K, committed 16384K, reserved 1114112K
  class space    used 1834K, committed 1920K, reserved 1048576K
}
Event: 2.709 GC heap before
{Heap before GC invocations=10 (full 0):
 garbage-first heap   total 293888K, used 134043K [0x0000000082c00000, 0x0000000100000000)
  region size 1024K, 4 young (4096K), 3 survivors (3072K)
 Metaspace       used 16139K, committed 16384K, reserved 1114112K
  class space    used 1834K, committed 1920K, reserved 1048576K
}
Event: 2.712 GC heap after
{Heap after GC invocations=11 (full 0):
 garbage-first heap   total 293888K, used 11171K [0x0000000082c00000, 0x0000000100000000)
  region size 1024K, 3 young (3072K), 3 survivors (3072K)
 Metaspace       used 16139K, committed 16384K, reserved 1114112K
  class space    used 1834K, committed 1920K, reserved 1048576K
}
Event: 2.723 GC heap before
{Heap before GC invocations=11 (full 0):
 garbage-first heap   total 293888K, used 134051K [0x0000000082c00000, 0x0000000100000000)
  region size 1024K, 4 young (4096K), 3 survivors (3072K)
 Metaspace       used 16139K, committed 16384K, reserved 1114112K
  class space    used 1834K, committed 1920K, reserved 1048576K
}
Event: 2.728 GC heap after
{Heap after GC invocations=12 (full 0):
 garbage-first heap   total 587776K, used 11205K [0x0000000082c00000, 0x0000000100000000)
  region size 1024K, 3 young (3072K), 3 survivors (3072K)
 Metaspace       used 16139K, committed 16384K, reserved 1114112K
  class space    used 1834K, committed 1920K, reserved 1048576K
}
Event: 2.759 GC heap before
{Heap before GC invocations=12 (full 0):
 garbage-first heap   total 587776K, used 267205K [0x0000000082c00000, 0x0000000100000000)
  region size 1024K, 4 young (4096K), 3 survivors (3072K)
 Metaspace       used 16139K, committed 16384K, reserved 1114112K
  class space    used 1834K, committed 1920K, reserved 1048576K
}
Event: 2.762 GC heap after
{Heap after GC invocations=13 (full 0):
 garbage-first heap   total 587776K, used 12102K [0x0000000082c00000, 0x0000000100000000)
  region size 1024K, 3 young (3072K), 3 survivors (3072K)
 Metaspace       used 16139K, committed 16384K, reserved 1114112K
  class space    used 1834K, committed 1920K, reserved 1048576K
}
Event: 2.788 GC heap before
{Heap before GC invocations=13 (full 0):
 garbage-first heap   total 587776K, used 266054K [0x0000000082c00000, 0x0000000100000000)
  region size 1024K, 4 young (4096K), 3 survivors (3072K)
 Metaspace       used 16139K, committed 16384K, reserved 1114112K
  class space    used 1834K, committed 1920K, reserved 1048576K
}
Event: 2.791 GC heap after
{Heap after GC invocations=14 (full 0):
 garbage-first heap   total 587776K, used 12251K [0x0000000082c00000, 0x0000000100000000)
  region size 1024K, 3 young (3072K), 3 survivors (3072K)
 Metaspace       used 16139K, committed 16384K, reserved 1114112K
  class space    used 1834K, committed 1920K, reserved 1048576K
}
Event: 2.819 GC heap before
{Heap before GC invocations=14 (full 0):
 garbage-first heap   total 587776K, used 266203K [0x0000000082c00000, 0x0000000100000000)
  region size 1024K, 4 young (4096K), 3 survivors (3072K)
 Metaspace       used 16139K, committed 16384K, reserved 1114112K
  class space    used 1834K, committed 1920K, reserved 1048576K
}
Event: 2.822 GC heap after
{Heap after GC invocations=15 (full 0):
 garbage-first heap   total 587776K, used 12343K [0x0000000082c00000, 0x0000000100000000)
  region size 1024K, 3 young (3072K), 3 survivors (3072K)
 Metaspace       used 16139K, committed 16384K, reserved 1114112K
  class space    used 1834K, committed 1920K, reserved 1048576K
}
Event: 2.852 GC heap before
{Heap before GC invocations=15 (full 0):
 garbage-first heap   total 587776K, used 266295K [0x0000000082c00000, 0x0000000100000000)
  region size 1024K, 4 young (4096K), 3 survivors (3072K)
 Metaspace       used 16139K, committed 16384K, reserved 1114112K
  class space    used 1834K, committed 1920K, reserved 1048576K
}

